# JRE version: OpenJDK Runtime Environment (14.0.2+12) (build 14.0.2+12-Ubuntu-120.04)
# Java VM: OpenJDK 64-Bit Server VM (14.0.2+12-Ubuntu-120.04, mixed mode, sharing, tiered, compressed oops, g1 gc, linux-amd64)
Heap:
 garbage-first heap   total 138240K, used 55867K [0x00000000c3c00000, 0x0000000100000000)
  region size 1024K, 9 young (9216K), 3 survivors (3072K)
 Metaspace       used 64666K, capacity 66503K, committed 66736K, reserved 1105920K
  class space    used 8786K, capacity 9470K, committed 9472K, reserved 1048576K
GC Heap History (20 events):
Event: 20.700 GC heap before
{Heap before GC invocations=29 (full 0):
 garbage-first heap   total 79872K, used 65180K [0x00000000c3c00000, 0x0000000100000000)
  region size 1024K, 40 young (40960K), 4 survivors (4096K)
 Metaspace       used 54834K, capacity 56459K, committed 56496K, reserved 1097728K
  class space    used 7556K, capacity 8178K, committed 8192K, reserved 1048576K
}
Event: 20.711 GC heap after
{Heap after GC invocations=30 (full 0):
 garbage-first heap   total 79872K, used 30138K [0x00000000c3c00000, 0x0000000100000000)
  region size 1024K, 5 young (5120K), 5 survivors (5120K)
 Metaspace       used 54834K, capacity 56459K, committed 56496K, reserved 1097728K
  class space    used 7556K, capacity 8178K, committed 8192K, reserved 1048576K
}
Event: 21.452 GC heap before
{Heap before GC invocations=30 (full 0):
 garbage-first heap   total 79872K, used 63930K [0x00000000c3c00000, 0x0000000100000000)
  region size 1024K, 38 young (38912K), 5 survivors (5120K)
 Metaspace       used 57185K, capacity 58880K, committed 59184K, reserved 1099776K
  class space    used 7850K, capacity 8469K, committed 8576K, reserved 1048576K
}
Event: 21.462 GC heap after
{Heap after GC invocations=31 (full 0):
 garbage-first heap   total 79872K, used 31114K [0x00000000c3c00000, 0x0000000100000000)
  region size 1024K, 3 young (3072K), 3 survivors (3072K)
 Metaspace       used 57185K, capacity 58880K, committed 59184K, reserved 1099776K
  class space    used 7850K, capacity 8469K, committed 8576K, reserved 1048576K
}
Event: 21.588 GC heap before
{Heap before GC invocations=31 (full 0):
 garbage-first heap   total 79872K, used 64906K [0x00000000c3c00000, 0x0000000100000000)
  region size 1024K, 36 young (36864K), 3 survivors (3072K)
 Metaspace       used 57349K, capacity 59040K, committed 59184K, reserved 1099776K
  class space    used 7864K, capacity 8501K, committed 8576K, reserved 1048576K
}
Event: 21.599 GC heap after
{Heap after GC invocations=32 (full 0):
 garbage-first heap   total 96256K, used 38416K [0x00000000c3c00000, 0x0000000100000000)
  region size 1024K, 5 young (5120K), 5 survivors (5120K)
 Metaspace       used 57349K, capacity 59040K, committed 59184K, reserved 1099776K
  class space    used 7864K, capacity 8501K, committed 8576K, reserved 1048576K
}
Event: 21.752 GC heap before
{Heap before GC invocations=32 (full 0):
 garbage-first heap   total 96256K, used 73232K [0x00000000c3c00000, 0x0000000100000000)
  region size 1024K, 39 young (39936K), 5 survivors (5120K)
 Metaspace       used 57465K, capacity 59177K, committed 59440K, reserved 1099776K
  class space    used 7876K, capacity 8504K, committed 8576K, reserved 1048576K
}
Event: 21.768 GC heap after
{Heap after GC invocations=33 (full 0):
 garbage-first heap   total 96256K, used 49229K [0x00000000c3c00000, 0x0000000100000000)
  region size 1024K, 5 young (5120K), 5 survivors (5120K)
 Metaspace       used 57465K, capacity 59177K, committed 59440K, reserved 1099776K
  class space    used 7876K, capacity 8504K, committed 8576K, reserved 1048576K
}
Event: 21.862 GC heap before
{Heap before GC invocations=33 (full 0):
 garbage-first heap   total 96256K, used 72781K [0x00000000c3c00000, 0x0000000100000000)
  region size 1024K, 29 young (29696K), 5 survivors (5120K)
 Metaspace       used 57476K, capacity 59177K, committed 59440K, reserved 1099776K
  class space    used 7876K, capacity 8504K, committed 8576K, reserved 1048576K
}
Event: 21.867 GC heap after
{Heap after GC invocations=34 (full 0):
 garbage-first heap   total 96256K, used 46794K [0x00000000c3c00000, 0x0000000100000000)
  region size 1024K, 3 young (3072K), 3 survivors (3072K)
 Metaspace       used 57476K, capacity 59177K, committed 59440K, reserved 1099776K
  class space    used 7876K, capacity 8504K, committed 8576K, reserved 1048576K
}
Event: 21.912 GC heap before
{Heap before GC invocations=34 (full 0):
 garbage-first heap   total 96256K, used 73418K [0x00000000c3c00000, 0x0000000100000000)
  region size 1024K, 29 young (29696K), 3 survivors (3072K)
 Metaspace       used 57482K, capacity 59241K, committed 59440K, reserved 1099776K
  class space    used 7876K, capacity 8504K, committed 8576K, reserved 1048576K
}
Event: 21.920 GC heap after
{Heap after GC invocations=35 (full 0):
 garbage-first heap   total 96256K, used 52555K [0x00000000c3c00000, 0x0000000100000000)
  region size 1024K, 4 young (4096K), 4 survivors (4096K)
 Metaspace       used 57482K, capacity 59241K, committed 59440K, reserved 1099776K
  class space    used 7876K, capacity 8504K, committed 8576K, reserved 1048576K
}
Event: 22.354 GC heap before
{Heap before GC invocations=36 (full 0):
 garbage-first heap   total 114688K, used 72011K [0x00000000c3c00000, 0x0000000100000000)
  region size 1024K, 23 young (23552K), 4 survivors (4096K)
 Metaspace       used 57798K, capacity 59523K, committed 59696K, reserved 1099776K
  class space    used 7929K, capacity 8574K, committed 8576K, reserved 1048576K
}
Event: 22.367 GC heap after
{Heap after GC invocations=37 (full 0):
 garbage-first heap   total 114688K, used 57642K [0x00000000c3c00000, 0x0000000100000000)
  region size 1024K, 3 young (3072K), 3 survivors (3072K)
 Metaspace       used 57798K, capacity 59523K, committed 59696K, reserved 1099776K
  class space    used 7929K, capacity 8574K, committed 8576K, reserved 1048576K
}
Event: 22.377 GC heap before
{Heap before GC invocations=37 (full 0):
 garbage-first heap   total 114688K, used 58666K [0x00000000c3c00000, 0x0000000100000000)
  region size 1024K, 5 young (5120K), 3 survivors (3072K)
 Metaspace       used 57917K, capacity 59651K, committed 59696K, reserved 1099776K
  class space    used 7952K, capacity 8574K, committed 8576K, reserved 1048576K
}
Event: 22.387 GC heap after
{Heap after GC invocations=38 (full 0):
 garbage-first heap   total 138240K, used 49071K [0x00000000c3c00000, 0x0000000100000000)
  region size 1024K, 1 young (1024K), 1 survivors (1024K)
 Metaspace       used 57917K, capacity 59651K, committed 59696K, reserved 1099776K
  class space    used 7952K, capacity 8574K, committed 8576K, reserved 1048576K
}
Event: 75.303 GC heap before
{Heap before GC invocations=38 (full 0):
 garbage-first heap   total 138240K, used 96175K [0x00000000c3c00000, 0x0000000100000000)
  region size 1024K, 48 young (49152K), 1 survivors (1024K)
 Metaspace       used 61637K, capacity 63403K, committed 63536K, reserved 1103872K
  class space    used 8430K, capacity 9080K, committed 9088K, reserved 1048576K
}
Event: 75.311 GC heap after
{Heap after GC invocations=39 (full 0):
 garbage-first heap   total 138240K, used 50034K [0x00000000c3c00000, 0x0000000100000000)
  region size 1024K, 2 young (2048K), 2 survivors (2048K)
 Metaspace       used 61637K, capacity 63403K, committed 63536K, reserved 1103872K
  class space    used 8430K, capacity 9080K, committed 9088K, reserved 1048576K
}
Event: 281.886 GC heap before
{Heap before GC invocations=39 (full 0):
 garbage-first heap   total 138240K, used 101234K [0x00000000c3c00000, 0x0000000100000000)
  region size 1024K, 53 young (54272K), 2 survivors (2048K)
 Metaspace       used 64589K, capacity 66430K, committed 66480K, reserved 1105920K
  class space    used 8777K, capacity 9468K, committed 9472K, reserved 1048576K
}
Event: 281.893 GC heap after
{Heap after GC invocations=40 (full 0):
 garbage-first heap   total 138240K, used 50747K [0x00000000c3c00000, 0x0000000100000000)
  region size 1024K, 3 young (3072K), 3 survivors (3072K)
 Metaspace       used 64589K, capacity 66430K, committed 66480K, reserved 1105920K
  class space    used 8777K, capacity 9468K, committed 9472K, reserved 1048576K
}

